e:\区块链项目\gitium\mfc_investor\mfc_investor\release\mfc_investor.pch
e:\区块链项目\gitium\mfc_investor\mfc_investor\release\vc141.pdb
e:\区块链项目\gitium\mfc_investor\mfc_investor\release\stdafx.obj
e:\区块链项目\gitium\mfc_investor\mfc_investor\release\mainfrm.obj
e:\区块链项目\gitium\mfc_investor\mfc_investor\release\ipframe.obj
e:\区块链项目\gitium\mfc_investor\mfc_investor\release\cntritem.obj
e:\区块链项目\gitium\mfc_investor\mfc_investor\release\childfrm.obj
e:\区块链项目\gitium\mfc_investor\mfc_investor\release\cdialog_projects.obj
e:\区块链项目\gitium\mfc_investor\mfc_investor\release\cdialog_chat.obj
e:\区块链项目\gitium\mfc_investor\mfc_investor\release\cdialogviewcost.obj
e:\区块链项目\gitium\mfc_investor\mfc_investor\release\cdialogviewallmoney.obj
e:\区块链项目\gitium\mfc_investor\mfc_investor\release\cdialogshareholders.obj
e:\区块链项目\gitium\mfc_investor\mfc_investor\release\cdialogprojects.obj
e:\区块链项目\gitium\mfc_investor\mfc_investor\release\cdialogprivatekey.obj
e:\区块链项目\gitium\mfc_investor\mfc_investor\release\cdialogpeople.obj
e:\区块链项目\gitium\mfc_investor\mfc_investor\release\cdialogpasswordtools.obj
e:\区块链项目\gitium\mfc_investor\mfc_investor\release\cdialogpassword.obj
e:\区块链项目\gitium\mfc_investor\mfc_investor\release\cdialogoutput.obj
e:\区块链项目\gitium\mfc_investor\mfc_investor\release\cdialoginput.obj
e:\区块链项目\gitium\mfc_investor\mfc_investor\release\cdialogeaa.obj
e:\区块链项目\gitium\mfc_investor\mfc_investor\release\cdialogdispute.obj
e:\区块链项目\gitium\mfc_investor\mfc_investor\release\cclient.obj
e:\区块链项目\gitium\mfc_investor\mfc_investor\release\calendarbar.obj
e:\区块链项目\gitium\mfc_investor\mfc_investor\release\srvritem.obj
e:\区块链项目\gitium\mfc_investor\mfc_investor\release\mfc_investorview.obj
e:\区块链项目\gitium\mfc_investor\mfc_investor\release\mfc_investordoc.obj
e:\区块链项目\gitium\mfc_investor\mfc_investor\release\mfc_investor.obj
e:\区块链项目\比赛获奖项目\私钥碎片钱包\gitium\mfc_investor\mfc_investor\release\mfc_investor.pch
e:\区块链项目\比赛获奖项目\私钥碎片钱包\gitium\mfc_investor\mfc_investor\release\vc141.pdb
e:\区块链项目\比赛获奖项目\私钥碎片钱包\gitium\mfc_investor\mfc_investor\release\stdafx.obj
e:\区块链项目\比赛获奖项目\私钥碎片钱包\gitium\mfc_investor\mfc_investor\release\mainfrm.obj
e:\区块链项目\比赛获奖项目\私钥碎片钱包\gitium\mfc_investor\mfc_investor\release\ipframe.obj
e:\区块链项目\比赛获奖项目\私钥碎片钱包\gitium\mfc_investor\mfc_investor\release\cntritem.obj
e:\区块链项目\比赛获奖项目\私钥碎片钱包\gitium\mfc_investor\mfc_investor\release\childfrm.obj
e:\区块链项目\比赛获奖项目\私钥碎片钱包\gitium\mfc_investor\mfc_investor\release\cdialog_projects.obj
e:\区块链项目\比赛获奖项目\私钥碎片钱包\gitium\mfc_investor\mfc_investor\release\cdialog_chat.obj
e:\区块链项目\比赛获奖项目\私钥碎片钱包\gitium\mfc_investor\mfc_investor\release\cdialogviewcost.obj
e:\区块链项目\比赛获奖项目\私钥碎片钱包\gitium\mfc_investor\mfc_investor\release\cdialogviewallmoney.obj
e:\区块链项目\比赛获奖项目\私钥碎片钱包\gitium\mfc_investor\mfc_investor\release\cdialogshareholders.obj
e:\区块链项目\比赛获奖项目\私钥碎片钱包\gitium\mfc_investor\mfc_investor\release\cdialogprojects.obj
e:\区块链项目\比赛获奖项目\私钥碎片钱包\gitium\mfc_investor\mfc_investor\release\cdialogprivatekey.obj
e:\区块链项目\比赛获奖项目\私钥碎片钱包\gitium\mfc_investor\mfc_investor\release\cdialogpeople.obj
e:\区块链项目\比赛获奖项目\私钥碎片钱包\gitium\mfc_investor\mfc_investor\release\cdialogpasswordtools.obj
e:\区块链项目\比赛获奖项目\私钥碎片钱包\gitium\mfc_investor\mfc_investor\release\cdialogpassword.obj
e:\区块链项目\比赛获奖项目\私钥碎片钱包\gitium\mfc_investor\mfc_investor\release\cdialogoutput.obj
e:\区块链项目\比赛获奖项目\私钥碎片钱包\gitium\mfc_investor\mfc_investor\release\cdialoginput.obj
e:\区块链项目\比赛获奖项目\私钥碎片钱包\gitium\mfc_investor\mfc_investor\release\cdialogeaa.obj
e:\区块链项目\比赛获奖项目\私钥碎片钱包\gitium\mfc_investor\mfc_investor\release\cdialogdispute.obj
e:\区块链项目\比赛获奖项目\私钥碎片钱包\gitium\mfc_investor\mfc_investor\release\cclient.obj
e:\区块链项目\比赛获奖项目\私钥碎片钱包\gitium\mfc_investor\mfc_investor\release\calendarbar.obj
e:\区块链项目\比赛获奖项目\私钥碎片钱包\gitium\mfc_investor\mfc_investor\release\srvritem.obj
e:\区块链项目\比赛获奖项目\私钥碎片钱包\gitium\mfc_investor\mfc_investor\release\mfc_investorview.obj
e:\区块链项目\比赛获奖项目\私钥碎片钱包\gitium\mfc_investor\mfc_investor\release\mfc_investordoc.obj
e:\区块链项目\比赛获奖项目\私钥碎片钱包\gitium\mfc_investor\mfc_investor\release\mfc_investor.obj
e:\区块链项目\gitium\mfc_investor\release\mfc_investor.exe
e:\区块链项目\gitium\mfc_investor\release\mfc_investor.pdb
e:\区块链项目\比赛获奖项目\私钥碎片钱包\gitium\mfc_investor\release\mfc_investor.exe
e:\区块链项目\比赛获奖项目\私钥碎片钱包\gitium\mfc_investor\release\mfc_investor.pdb
e:\区块链项目\gitium\mfc_investor\release\mfc_investor.ipdb
e:\区块链项目\gitium\mfc_investor\release\mfc_investor.iobj
e:\区块链项目\比赛获奖项目\私钥碎片钱包\gitium\mfc_investor\release\mfc_investor.ipdb
e:\区块链项目\比赛获奖项目\私钥碎片钱包\gitium\mfc_investor\release\mfc_investor.iobj
e:\区块链项目\gitium\mfc_investor\mfc_investor\release\mfc_investor.tlb
e:\区块链项目\gitium\mfc_investor\mfc_investor\mfcinvestor_i.c
e:\区块链项目\gitium\mfc_investor\mfc_investor\mfc_investor_h.h
e:\区块链项目\比赛获奖项目\私钥碎片钱包\gitium\mfc_investor\mfc_investor\release\mfc_investor.tlb
e:\区块链项目\比赛获奖项目\私钥碎片钱包\gitium\mfc_investor\mfc_investor\mfcinvestor_i.c
e:\区块链项目\比赛获奖项目\私钥碎片钱包\gitium\mfc_investor\mfc_investor\mfc_investor_h.h
e:\区块链项目\gitium\mfc_investor\mfc_investor\release\mfcinvestor.res
e:\区块链项目\比赛获奖项目\私钥碎片钱包\gitium\mfc_investor\mfc_investor\release\mfcinvestor.res
e:\区块链项目\比赛获奖项目\私钥碎片钱包\gitium\mfc_investor\mfc_investor\release\mfc_investor.tlog\cl.command.1.tlog
e:\区块链项目\比赛获奖项目\私钥碎片钱包\gitium\mfc_investor\mfc_investor\release\mfc_investor.tlog\cl.read.1.tlog
e:\区块链项目\比赛获奖项目\私钥碎片钱包\gitium\mfc_investor\mfc_investor\release\mfc_investor.tlog\cl.write.1.tlog
e:\区块链项目\比赛获奖项目\私钥碎片钱包\gitium\mfc_investor\mfc_investor\release\mfc_investor.tlog\link.command.1.tlog
e:\区块链项目\比赛获奖项目\私钥碎片钱包\gitium\mfc_investor\mfc_investor\release\mfc_investor.tlog\link.read.1.tlog
e:\区块链项目\比赛获奖项目\私钥碎片钱包\gitium\mfc_investor\mfc_investor\release\mfc_investor.tlog\link.write.1.tlog
e:\区块链项目\比赛获奖项目\私钥碎片钱包\gitium\mfc_investor\mfc_investor\release\mfc_investor.tlog\mfc_investor.write.1u.tlog
e:\区块链项目\比赛获奖项目\私钥碎片钱包\gitium\mfc_investor\mfc_investor\release\mfc_investor.tlog\midl.command.1.tlog
e:\区块链项目\比赛获奖项目\私钥碎片钱包\gitium\mfc_investor\mfc_investor\release\mfc_investor.tlog\midl.read.1.tlog
e:\区块链项目\比赛获奖项目\私钥碎片钱包\gitium\mfc_investor\mfc_investor\release\mfc_investor.tlog\midl.write.1.tlog
e:\区块链项目\比赛获奖项目\私钥碎片钱包\gitium\mfc_investor\mfc_investor\release\mfc_investor.tlog\rc.command.1.tlog
e:\区块链项目\比赛获奖项目\私钥碎片钱包\gitium\mfc_investor\mfc_investor\release\mfc_investor.tlog\rc.read.1.tlog
e:\区块链项目\比赛获奖项目\私钥碎片钱包\gitium\mfc_investor\mfc_investor\release\mfc_investor.tlog\rc.write.1.tlog
